{"/Users/sghaier/Desktop/Warehouse/Armada/auth-server.js": {"path":"/Users/sghaier/Desktop/Warehouse/Armada/auth-server.js","statementMap":{"0":{"start":{"line":1,"column":0},"end":{"line":1,"column":27}},"1":{"start":{"line":2,"column":16},"end":{"line":2,"column":34}},"2":{"start":{"line":3,"column":16},"end":{"line":3,"column":42}},"3":{"start":{"line":4,"column":17},"end":{"line":4,"column":36}},"4":{"start":{"line":5,"column":22},"end":{"line":5,"column":63}},"5":{"start":{"line":6,"column":21},"end":{"line":6,"column":45}},"6":{"start":{"line":7,"column":13},"end":{"line":7,"column":28}},"7":{"start":{"line":9,"column":13},"end":{"line":9,"column":37}},"8":{"start":{"line":13,"column":4},"end":{"line":49,"column":8}},"9":{"start":{"line":20,"column":8},"end":{"line":48,"column":9}},"10":{"start":{"line":21,"column":12},"end":{"line":21,"column":87}},"11":{"start":{"line":22,"column":26},"end":{"line":22,"column":44}},"12":{"start":{"line":25,"column":12},"end":{"line":31,"column":13}},"13":{"start":{"line":26,"column":38},"end":{"line":26,"column":88}},"14":{"start":{"line":27,"column":16},"end":{"line":30,"column":17}},"15":{"start":{"line":28,"column":20},"end":{"line":28,"column":102}},"16":{"start":{"line":29,"column":20},"end":{"line":29,"column":111}},"17":{"start":{"line":34,"column":25},"end":{"line":41,"column":13}},"18":{"start":{"line":43,"column":12},"end":{"line":43,"column":56}},"19":{"start":{"line":44,"column":12},"end":{"line":44,"column":36}},"20":{"start":{"line":46,"column":12},"end":{"line":46,"column":69}},"21":{"start":{"line":47,"column":12},"end":{"line":47,"column":31}},"22":{"start":{"line":52,"column":4},"end":{"line":54,"column":7}},"23":{"start":{"line":53,"column":8},"end":{"line":53,"column":25}},"24":{"start":{"line":57,"column":4},"end":{"line":59,"column":7}},"25":{"start":{"line":58,"column":8},"end":{"line":58,"column":25}},"26":{"start":{"line":64,"column":4},"end":{"line":64,"column":34}},"27":{"start":{"line":65,"column":4},"end":{"line":65,"column":63}},"28":{"start":{"line":66,"column":4},"end":{"line":66,"column":80}},"29":{"start":{"line":67,"column":4},"end":{"line":67,"column":56}},"30":{"start":{"line":69,"column":4},"end":{"line":71,"column":5}},"31":{"start":{"line":70,"column":8},"end":{"line":70,"column":22}},"32":{"start":{"line":72,"column":4},"end":{"line":72,"column":61}},"33":{"start":{"line":73,"column":4},"end":{"line":73,"column":27}},"34":{"start":{"line":79,"column":16},"end":{"line":79,"column":25}},"35":{"start":{"line":83,"column":4},"end":{"line":83,"column":30}},"36":{"start":{"line":86,"column":4},"end":{"line":86,"column":28}},"37":{"start":{"line":87,"column":4},"end":{"line":87,"column":28}},"38":{"start":{"line":88,"column":4},"end":{"line":88,"column":52}},"39":{"start":{"line":91,"column":4},"end":{"line":101,"column":8}},"40":{"start":{"line":104,"column":4},"end":{"line":104,"column":35}},"41":{"start":{"line":105,"column":4},"end":{"line":105,"column":32}},"42":{"start":{"line":108,"column":4},"end":{"line":108,"column":24}},"43":{"start":{"line":111,"column":4},"end":{"line":115,"column":5}},"44":{"start":{"line":112,"column":8},"end":{"line":112,"column":64}},"45":{"start":{"line":114,"column":8},"end":{"line":114,"column":86}},"46":{"start":{"line":118,"column":4},"end":{"line":131,"column":7}},"47":{"start":{"line":119,"column":8},"end":{"line":130,"column":9}},"48":{"start":{"line":120,"column":12},"end":{"line":127,"column":15}},"49":{"start":{"line":129,"column":12},"end":{"line":129,"column":47}},"50":{"start":{"line":134,"column":4},"end":{"line":142,"column":7}},"51":{"start":{"line":135,"column":8},"end":{"line":141,"column":11}},"52":{"start":{"line":145,"column":4},"end":{"line":145,"column":59}},"53":{"start":{"line":147,"column":4},"end":{"line":155,"column":6}},"54":{"start":{"line":151,"column":12},"end":{"line":151,"column":78}},"55":{"start":{"line":152,"column":12},"end":{"line":152,"column":79}},"56":{"start":{"line":153,"column":12},"end":{"line":153,"column":30}},"57":{"start":{"line":157,"column":4},"end":{"line":166,"column":7}},"58":{"start":{"line":158,"column":8},"end":{"line":165,"column":11}},"59":{"start":{"line":159,"column":12},"end":{"line":161,"column":13}},"60":{"start":{"line":160,"column":16},"end":{"line":160,"column":52}},"61":{"start":{"line":162,"column":12},"end":{"line":164,"column":15}},"62":{"start":{"line":163,"column":16},"end":{"line":163,"column":39}},"63":{"start":{"line":169,"column":4},"end":{"line":174,"column":7}},"64":{"start":{"line":170,"column":8},"end":{"line":172,"column":9}},"65":{"start":{"line":171,"column":12},"end":{"line":171,"column":37}},"66":{"start":{"line":173,"column":8},"end":{"line":173,"column":67}},"67":{"start":{"line":177,"column":4},"end":{"line":180,"column":7}},"68":{"start":{"line":178,"column":8},"end":{"line":178,"column":65}},"69":{"start":{"line":179,"column":8},"end":{"line":179,"column":67}},"70":{"start":{"line":182,"column":4},"end":{"line":184,"column":7}},"71":{"start":{"line":183,"column":8},"end":{"line":183,"column":87}},"72":{"start":{"line":186,"column":4},"end":{"line":188,"column":7}},"73":{"start":{"line":187,"column":8},"end":{"line":187,"column":90}},"74":{"start":{"line":190,"column":4},"end":{"line":192,"column":7}},"75":{"start":{"line":191,"column":8},"end":{"line":191,"column":80}},"76":{"start":{"line":194,"column":4},"end":{"line":196,"column":7}},"77":{"start":{"line":195,"column":8},"end":{"line":195,"column":84}},"78":{"start":{"line":199,"column":4},"end":{"line":201,"column":7}},"79":{"start":{"line":200,"column":8},"end":{"line":200,"column":58}},"80":{"start":{"line":204,"column":4},"end":{"line":204,"column":95}},"81":{"start":{"line":205,"column":4},"end":{"line":205,"column":71}},"82":{"start":{"line":208,"column":4},"end":{"line":208,"column":38}},"83":{"start":{"line":211,"column":4},"end":{"line":222,"column":7}},"84":{"start":{"line":212,"column":8},"end":{"line":217,"column":11}},"85":{"start":{"line":218,"column":8},"end":{"line":221,"column":11}},"86":{"start":{"line":224,"column":4},"end":{"line":235,"column":7}},"87":{"start":{"line":225,"column":8},"end":{"line":225,"column":36}},"88":{"start":{"line":226,"column":8},"end":{"line":226,"column":71}},"89":{"start":{"line":227,"column":8},"end":{"line":227,"column":36}},"90":{"start":{"line":228,"column":8},"end":{"line":228,"column":70}},"91":{"start":{"line":229,"column":8},"end":{"line":229,"column":69}},"92":{"start":{"line":230,"column":8},"end":{"line":230,"column":117}},"93":{"start":{"line":231,"column":8},"end":{"line":231,"column":150}},"94":{"start":{"line":232,"column":8},"end":{"line":232,"column":71}},"95":{"start":{"line":233,"column":8},"end":{"line":233,"column":61}},"96":{"start":{"line":234,"column":8},"end":{"line":234,"column":36}},"97":{"start":{"line":238,"column":0},"end":{"line":238,"column":35}}},"fnMap":{"0":{"name":"configurePassport","decl":{"start":{"line":12,"column":9},"end":{"line":12,"column":26}},"loc":{"start":{"line":12,"column":29},"end":{"line":60,"column":1}},"line":12},"1":{"name":"(anonymous_1)","decl":{"start":{"line":19,"column":7},"end":{"line":19,"column":8}},"loc":{"start":{"line":19,"column":59},"end":{"line":49,"column":5}},"line":19},"2":{"name":"(anonymous_2)","decl":{"start":{"line":52,"column":27},"end":{"line":52,"column":28}},"loc":{"start":{"line":52,"column":43},"end":{"line":54,"column":5}},"line":52},"3":{"name":"(anonymous_3)","decl":{"start":{"line":57,"column":29},"end":{"line":57,"column":30}},"loc":{"start":{"line":57,"column":45},"end":{"line":59,"column":5}},"line":57},"4":{"name":"ensureAuthenticated","decl":{"start":{"line":63,"column":9},"end":{"line":63,"column":28}},"loc":{"start":{"line":63,"column":45},"end":{"line":74,"column":1}},"line":63},"5":{"name":"startServer","decl":{"start":{"line":77,"column":15},"end":{"line":77,"column":26}},"loc":{"start":{"line":77,"column":29},"end":{"line":236,"column":1}},"line":77},"6":{"name":"(anonymous_6)","decl":{"start":{"line":118,"column":32},"end":{"line":118,"column":33}},"loc":{"start":{"line":118,"column":46},"end":{"line":131,"column":5}},"line":118},"7":{"name":"(anonymous_7)","decl":{"start":{"line":134,"column":51},"end":{"line":134,"column":52}},"loc":{"start":{"line":134,"column":65},"end":{"line":142,"column":5}},"line":134},"8":{"name":"(anonymous_8)","decl":{"start":{"line":149,"column":8},"end":{"line":149,"column":9}},"loc":{"start":{"line":149,"column":22},"end":{"line":154,"column":9}},"line":149},"9":{"name":"(anonymous_9)","decl":{"start":{"line":157,"column":23},"end":{"line":157,"column":24}},"loc":{"start":{"line":157,"column":37},"end":{"line":166,"column":5}},"line":157},"10":{"name":"(anonymous_10)","decl":{"start":{"line":158,"column":19},"end":{"line":158,"column":20}},"loc":{"start":{"line":158,"column":28},"end":{"line":165,"column":9}},"line":158},"11":{"name":"(anonymous_11)","decl":{"start":{"line":162,"column":32},"end":{"line":162,"column":33}},"loc":{"start":{"line":162,"column":38},"end":{"line":164,"column":13}},"line":162},"12":{"name":"(anonymous_12)","decl":{"start":{"line":169,"column":22},"end":{"line":169,"column":23}},"loc":{"start":{"line":169,"column":36},"end":{"line":174,"column":5}},"line":169},"13":{"name":"(anonymous_13)","decl":{"start":{"line":177,"column":38},"end":{"line":177,"column":39}},"loc":{"start":{"line":177,"column":52},"end":{"line":180,"column":5}},"line":177},"14":{"name":"(anonymous_14)","decl":{"start":{"line":182,"column":68},"end":{"line":182,"column":69}},"loc":{"start":{"line":182,"column":82},"end":{"line":184,"column":5}},"line":182},"15":{"name":"(anonymous_15)","decl":{"start":{"line":186,"column":71},"end":{"line":186,"column":72}},"loc":{"start":{"line":186,"column":85},"end":{"line":188,"column":5}},"line":186},"16":{"name":"(anonymous_16)","decl":{"start":{"line":190,"column":61},"end":{"line":190,"column":62}},"loc":{"start":{"line":190,"column":75},"end":{"line":192,"column":5}},"line":190},"17":{"name":"(anonymous_17)","decl":{"start":{"line":194,"column":65},"end":{"line":194,"column":66}},"loc":{"start":{"line":194,"column":79},"end":{"line":196,"column":5}},"line":194},"18":{"name":"(anonymous_18)","decl":{"start":{"line":199,"column":23},"end":{"line":199,"column":24}},"loc":{"start":{"line":199,"column":37},"end":{"line":201,"column":5}},"line":199},"19":{"name":"(anonymous_19)","decl":{"start":{"line":211,"column":12},"end":{"line":211,"column":13}},"loc":{"start":{"line":211,"column":37},"end":{"line":222,"column":5}},"line":211},"20":{"name":"(anonymous_20)","decl":{"start":{"line":224,"column":32},"end":{"line":224,"column":33}},"loc":{"start":{"line":224,"column":38},"end":{"line":235,"column":5}},"line":224}},"branchMap":{"0":{"loc":{"start":{"line":9,"column":13},"end":{"line":9,"column":37}},"type":"binary-expr","locations":[{"start":{"line":9,"column":13},"end":{"line":9,"column":29}},{"start":{"line":9,"column":33},"end":{"line":9,"column":37}}],"line":9},"1":{"loc":{"start":{"line":17,"column":21},"end":{"line":17,"column":98}},"type":"binary-expr","locations":[{"start":{"line":17,"column":21},"end":{"line":17,"column":51}},{"start":{"line":17,"column":55},"end":{"line":17,"column":98}}],"line":17},"2":{"loc":{"start":{"line":25,"column":12},"end":{"line":31,"column":13}},"type":"if","locations":[{"start":{"line":25,"column":12},"end":{"line":31,"column":13}},{"start":{},"end":{}}],"line":25},"3":{"loc":{"start":{"line":26,"column":38},"end":{"line":26,"column":88}},"type":"binary-expr","locations":[{"start":{"line":26,"column":38},"end":{"line":26,"column":64}},{"start":{"line":26,"column":68},"end":{"line":26,"column":88}}],"line":26},"4":{"loc":{"start":{"line":27,"column":16},"end":{"line":30,"column":17}},"type":"if","locations":[{"start":{"line":27,"column":16},"end":{"line":30,"column":17}},{"start":{},"end":{}}],"line":27},"5":{"loc":{"start":{"line":38,"column":24},"end":{"line":38,"column":72}},"type":"binary-expr","locations":[{"start":{"line":38,"column":24},"end":{"line":38,"column":46}},{"start":{"line":38,"column":50},"end":{"line":38,"column":72}}],"line":38},"6":{"loc":{"start":{"line":67,"column":29},"end":{"line":67,"column":54}},"type":"binary-expr","locations":[{"start":{"line":67,"column":29},"end":{"line":67,"column":44}},{"start":{"line":67,"column":48},"end":{"line":67,"column":54}}],"line":67},"7":{"loc":{"start":{"line":69,"column":4},"end":{"line":71,"column":5}},"type":"if","locations":[{"start":{"line":69,"column":4},"end":{"line":71,"column":5}},{"start":{},"end":{}}],"line":69},"8":{"loc":{"start":{"line":92,"column":16},"end":{"line":92,"column":92}},"type":"binary-expr","locations":[{"start":{"line":92,"column":16},"end":{"line":92,"column":42}},{"start":{"line":92,"column":46},"end":{"line":92,"column":92}}],"line":92},"9":{"loc":{"start":{"line":111,"column":4},"end":{"line":115,"column":5}},"type":"if","locations":[{"start":{"line":111,"column":4},"end":{"line":115,"column":5}},{"start":{"line":113,"column":11},"end":{"line":115,"column":5}}],"line":111},"10":{"loc":{"start":{"line":111,"column":8},"end":{"line":111,"column":58}},"type":"binary-expr","locations":[{"start":{"line":111,"column":8},"end":{"line":111,"column":28}},{"start":{"line":111,"column":32},"end":{"line":111,"column":58}}],"line":111},"11":{"loc":{"start":{"line":119,"column":8},"end":{"line":130,"column":9}},"type":"if","locations":[{"start":{"line":119,"column":8},"end":{"line":130,"column":9}},{"start":{"line":128,"column":15},"end":{"line":130,"column":9}}],"line":119},"12":{"loc":{"start":{"line":159,"column":12},"end":{"line":161,"column":13}},"type":"if","locations":[{"start":{"line":159,"column":12},"end":{"line":161,"column":13}},{"start":{},"end":{}}],"line":159},"13":{"loc":{"start":{"line":170,"column":8},"end":{"line":172,"column":9}},"type":"if","locations":[{"start":{"line":170,"column":8},"end":{"line":172,"column":9}},{"start":{},"end":{}}],"line":170},"14":{"loc":{"start":{"line":170,"column":12},"end":{"line":170,"column":56}},"type":"binary-expr","locations":[{"start":{"line":170,"column":12},"end":{"line":170,"column":31}},{"start":{"line":170,"column":35},"end":{"line":170,"column":56}}],"line":170},"15":{"loc":{"start":{"line":220,"column":21},"end":{"line":220,"column":84}},"type":"cond-expr","locations":[{"start":{"line":220,"column":61},"end":{"line":220,"column":70}},{"start":{"line":220,"column":73},"end":{"line":220,"column":84}}],"line":220},"16":{"loc":{"start":{"line":230,"column":48},"end":{"line":230,"column":113}},"type":"cond-expr","locations":[{"start":{"line":230,"column":78},"end":{"line":230,"column":92}},{"start":{"line":230,"column":95},"end":{"line":230,"column":113}}],"line":230},"17":{"loc":{"start":{"line":231,"column":46},"end":{"line":231,"column":146}},"type":"cond-expr","locations":[{"start":{"line":231,"column":87},"end":{"line":231,"column":131}},{"start":{"line":231,"column":134},"end":{"line":231,"column":146}}],"line":231}},"s":{"0":0,"1":0,"2":0,"3":0,"4":0,"5":0,"6":0,"7":0,"8":0,"9":0,"10":0,"11":0,"12":0,"13":0,"14":0,"15":0,"16":0,"17":0,"18":0,"19":0,"20":0,"21":0,"22":0,"23":0,"24":0,"25":0,"26":0,"27":0,"28":0,"29":0,"30":0,"31":0,"32":0,"33":0,"34":0,"35":0,"36":0,"37":0,"38":0,"39":0,"40":0,"41":0,"42":0,"43":0,"44":0,"45":0,"46":0,"47":0,"48":0,"49":0,"50":0,"51":0,"52":0,"53":0,"54":0,"55":0,"56":0,"57":0,"58":0,"59":0,"60":0,"61":0,"62":0,"63":0,"64":0,"65":0,"66":0,"67":0,"68":0,"69":0,"70":0,"71":0,"72":0,"73":0,"74":0,"75":0,"76":0,"77":0,"78":0,"79":0,"80":0,"81":0,"82":0,"83":0,"84":0,"85":0,"86":0,"87":0,"88":0,"89":0,"90":0,"91":0,"92":0,"93":0,"94":0,"95":0,"96":0,"97":0},"f":{"0":0,"1":0,"2":0,"3":0,"4":0,"5":0,"6":0,"7":0,"8":0,"9":0,"10":0,"11":0,"12":0,"13":0,"14":0,"15":0,"16":0,"17":0,"18":0,"19":0,"20":0},"b":{"0":[0,0],"1":[0,0],"2":[0,0],"3":[0,0],"4":[0,0],"5":[0,0],"6":[0,0],"7":[0,0],"8":[0,0],"9":[0,0],"10":[0,0],"11":[0,0],"12":[0,0],"13":[0,0],"14":[0,0],"15":[0,0],"16":[0,0],"17":[0,0]}}
}
